0 info it worked if it ends with ok
1 verbose cli [ 'C:\\Program Files\\nodejs\\\\node.exe',
1 verbose cli   'C:\\Program Files\\nodejs\\node_modules\\npm\\bin\\npm-cli.js',
1 verbose cli   'run',
1 verbose cli   'typings',
1 verbose cli   'install',
1 verbose cli   'jquery',
1 verbose cli   '--',
1 verbose cli   '--save',
1 verbose cli   '--ambient' ]
2 info using npm@2.7.4
3 info using node@v0.12.2
4 verbose node symlink C:\Program Files\nodejs\\node.exe
5 warn invalid config proxy=""
6 warn invalid config Must be a full url with 'http://'
7 verbose run-script [ 'pretypings', 'typings', 'posttypings' ]
8 info pretypings application-host@1.0.0
9 info typings application-host@1.0.0
10 verbose unsafe-perm in lifecycle true
11 info application-host@1.0.0 Failed to exec typings script
12 verbose stack Error: application-host@1.0.0 typings: `typings install jquery --save --ambient`
12 verbose stack Exit status 1
12 verbose stack     at EventEmitter.<anonymous> (C:\Users\Tshepo\AppData\Roaming\nvm\v0.12.2\node_modules\npm\lib\utils\lifecycle.js:213:16)
12 verbose stack     at EventEmitter.emit (events.js:110:17)
12 verbose stack     at ChildProcess.<anonymous> (C:\Users\Tshepo\AppData\Roaming\nvm\v0.12.2\node_modules\npm\lib\utils\spawn.js:14:12)
12 verbose stack     at ChildProcess.emit (events.js:110:17)
12 verbose stack     at maybeClose (child_process.js:1015:16)
12 verbose stack     at Process.ChildProcess._handle.onexit (child_process.js:1087:5)
13 verbose pkgid application-host@1.0.0
14 verbose cwd C:\programming\learninghabits_material\content\a-z  (code examples)\angularjs\07 starter project (adding typescript support)
15 error Windows_NT 6.3.9600
16 error argv "C:\\Program Files\\nodejs\\\\node.exe" "C:\\Program Files\\nodejs\\node_modules\\npm\\bin\\npm-cli.js" "run" "typings" "install" "jquery" "--" "--save" "--ambient"
17 error node v0.12.2
18 error npm  v2.7.4
19 error code ELIFECYCLE
20 error application-host@1.0.0 typings: `typings install jquery --save --ambient`
20 error Exit status 1
21 error Failed at the application-host@1.0.0 typings script 'typings install jquery --save --ambient'.
21 error This is most likely a problem with the application-host package,
21 error not with npm itself.
21 error Tell the author that this fails on your system:
21 error     typings install jquery --save --ambient
21 error You can get their info via:
21 error     npm owner ls application-host
21 error There is likely additional logging output above.
22 verbose exit [ 1, true ]
